<?xml version="1.0" encoding="UTF-8"?>
<!-- Generated by org.testng.reporters.JUnitReportReporter -->
<testsuite hostname="DVCINH6090522" failures="0" tests="1" name="com.mystore.test.LoginPageTest" time="16.213" errors="0" timestamp="2024-09-25T11:56:51 IST" skipped="0">
  <testcase classname="com.mystore.test.LoginPageTest" name="loginTest" time="16.213"/>
  <system-out/>
</testsuite> <!-- com.mystore.test.LoginPageTest -->
