<?xml version="1.0" encoding="UTF-8"?>
<!-- Generated by org.testng.reporters.JUnitReportReporter -->
<testsuite hostname="DVCINH6090522" failures="0" tests="2" name="com.mystore.test.IndexPageTest" time="47.856" errors="1" timestamp="2024-09-25T11:56:51 IST" skipped="0">
  <testcase classname="com.mystore.test.IndexPageTest" name="verifyLogo" time="30.992"/>
  <system-out/>
  <testcase classname="com.mystore.test.IndexPageTest" name="verifyTitle" time="16.864">
    <error message="Cannot invoke &quot;com.mystore.pageobjects.IndexPage.getMyStoreTitle()&quot; because &quot;this.indexPage&quot; is null" type="java.lang.NullPointerException">
      <![CDATA[java.lang.NullPointerException: Cannot invoke "com.mystore.pageobjects.IndexPage.getMyStoreTitle()" because "this.indexPage" is null
at com.mystore.test.IndexPageTest.verifyTitle(IndexPageTest.java:41)
at java.base/jdk.internal.reflect.DirectMethodHandleAccessor.invoke(DirectMethodHandleAccessor.java:103)
at java.base/java.lang.reflect.Method.invoke(Method.java:580)
at org.testng.internal.MethodInvocationHelper.invokeMethod(MethodInvocationHelper.java:134)
at org.testng.internal.TestInvoker.invokeMethod(TestInvoker.java:597)
at org.testng.internal.TestInvoker.invokeTestMethod(TestInvoker.java:173)
at org.testng.internal.MethodRunner.runInSequence(MethodRunner.java:46)
at org.testng.internal.TestInvoker$MethodInvocationAgent.invoke(TestInvoker.java:816)
at org.testng.internal.TestInvoker.invokeTestMethods(TestInvoker.java:146)
at org.testng.internal.TestMethodWorker.invokeTestMethods(TestMethodWorker.java:146)
at org.testng.internal.TestMethodWorker.run(TestMethodWorker.java:128)
at java.base/java.util.concurrent.ThreadPoolExecutor.runWorker(ThreadPoolExecutor.java:1144)
at java.base/java.util.concurrent.ThreadPoolExecutor$Worker.run(ThreadPoolExecutor.java:642)
at java.base/java.lang.Thread.run(Thread.java:1570)
]]>
    </error>
  </testcase> <!-- verifyTitle -->
  <system-out/>
</testsuite> <!-- com.mystore.test.IndexPageTest -->
