<?xml version="1.0" encoding="UTF-8"?>
<!-- Generated by org.testng.reporters.JUnitReportReporter -->
<testsuite hostname="DVCINH6090522" failures="0" tests="2" name="com.mystore.test.HomePageTest" time="65.484" errors="0" timestamp="2024-09-25T11:56:51 IST" skipped="0">
  <testcase classname="com.mystore.test.HomePageTest" name="orderHistoryTest" time="44.183"/>
  <system-out/>
  <testcase classname="com.mystore.test.HomePageTest" name="myAddressesTest" time="21.301"/>
  <system-out/>
</testsuite> <!-- com.mystore.test.HomePageTest -->
