<?xml version="1.0" encoding="UTF-8"?>
<!-- Generated by org.testng.reporters.JUnitReportReporter -->
<testsuite hostname="DVCINH6090522" failures="0" tests="1" name="com.mystore.test.AccountCreationPageTest" time="26.621" errors="0" timestamp="2024-09-25T11:53:22 IST" skipped="0">
  <testcase classname="com.mystore.test.AccountCreationPageTest" name="verifyAccountCreationPageTest" time="26.621"/>
  <system-out/>
</testsuite> <!-- com.mystore.test.AccountCreationPageTest -->
