<?xml version="1.0" encoding="UTF-8"?>
<!-- Generated by org.testng.reporters.JUnitReportReporter -->
<testsuite hostname="DVCINH6090522" failures="0" tests="1" name="com.mystore.test.OrderPageTest" time="21.806" errors="0" timestamp="2024-09-24T23:40:50 IST" skipped="0">
  <testcase classname="com.mystore.test.OrderPageTest" name="verifyTotalPrice" time="21.806"/>
  <system-out/>
</testsuite> <!-- com.mystore.test.OrderPageTest -->
