<?xml version="1.0" encoding="UTF-8"?>
<!-- Generated by org.testng.reporters.JUnitReportReporter -->
<testsuite hostname="DVCINH6090522" failures="0" tests="1" name="com.mystore.test.OrderPageTest" time="25.843" errors="0" timestamp="2024-09-25T23:38:00 IST" skipped="0">
  <testcase classname="com.mystore.test.OrderPageTest" name="verifyTotalPrice" time="25.843"/>
  <system-out/>
</testsuite> <!-- com.mystore.test.OrderPageTest -->
