<?xml version="1.0" encoding="UTF-8"?>
<!-- Generated by org.testng.reporters.JUnitReportReporter -->
<testsuite hostname="DVCINH6090522" failures="0" tests="1" name="com.mystore.test.AddToCartPageTest" time="18.406" errors="0" timestamp="2024-09-25T23:38:00 IST" skipped="0">
  <testcase classname="com.mystore.test.AddToCartPageTest" name="addToCartTest" time="18.406"/>
  <system-out/>
</testsuite> <!-- com.mystore.test.AddToCartPageTest -->
